<?xml version="1.0" encoding="UTF-8"?>
<!-- Generated by org.testng.reporters.JUnitReportReporter -->
<testsuite hostname="DS-PC01W3JV" failures="0" tests="1" name="com.Sessions.AnnotationsTest" time="0.012" errors="0" timestamp="28 Mar 2018 13:38:45 GMT" skipped="0">
  <testcase classname="com.Sessions.AnnotationsTest" name="test5" time="0.012"/>
</testsuite> <!-- com.Sessions.AnnotationsTest -->
