<?xml version="1.0" encoding="UTF-8"?>
<!-- Generated by org.testng.reporters.JUnitReportReporter -->
<testsuite hostname="DS-PC01W3JV" failures="0" tests="3" name="com.testng.naveen._01FirstTestNGClass" time="0.008" errors="0" timestamp="20 Apr 2018 16:10:50 GMT" skipped="0">
  <testcase classname="com.testng.naveen._01FirstTestNGClass" name="method3" time="0.001"/>
  <testcase classname="com.testng.naveen._01FirstTestNGClass" name="method1" time="0.006"/>
  <testcase classname="com.testng.naveen._01FirstTestNGClass" name="method2" time="0.001"/>
</testsuite> <!-- com.testng.naveen._01FirstTestNGClass -->
