<?xml version="1.0" encoding="UTF-8"?>
<!-- Generated by org.testng.reporters.JUnitReportReporter -->
<testsuite hostname="DS-PC01W3JV" failures="0" tests="3" name="com.Sessions.FirstTestNGClass" time="0.007" errors="0" timestamp="28 Mar 2018 05:53:13 GMT" skipped="0">
  <testcase classname="com.Sessions.FirstTestNGClass" name="method1" time="0.005"/>
  <testcase classname="com.Sessions.FirstTestNGClass" name="method3" time="0.001"/>
  <testcase classname="com.Sessions.FirstTestNGClass" name="method2" time="0.001"/>
</testsuite> <!-- com.Sessions.FirstTestNGClass -->
